[2020-04-26 16:25:35.641] [main] [info] update#setState idle
[2020-04-26 16:26:05.642] [main] [info] update#setState checking for updates
[2020-04-26 16:26:05.685] [main] [info] update#setState idle
[2020-04-26 17:26:05.670] [main] [info] update#setState checking for updates
[2020-04-26 17:26:05.840] [main] [info] update#setState idle
[2020-04-26 18:26:05.679] [main] [info] update#setState checking for updates
[2020-04-26 18:26:05.848] [main] [info] update#setState idle
[2020-04-26 19:26:05.703] [main] [info] update#setState checking for updates
[2020-04-26 19:26:05.876] [main] [info] update#setState idle
[2020-04-26 20:26:05.726] [main] [info] update#setState checking for updates
[2020-04-26 20:26:05.910] [main] [info] update#setState idle
[2020-04-26 21:26:05.748] [main] [info] update#setState checking for updates
[2020-04-26 21:26:05.935] [main] [info] update#setState idle
[2020-04-26 22:26:05.767] [main] [info] update#setState checking for updates
[2020-04-26 22:26:05.933] [main] [info] update#setState idle
[2020-04-26 23:26:05.783] [main] [info] update#setState checking for updates
[2020-04-26 23:26:05.954] [main] [info] update#setState idle
[2020-04-27 00:26:05.794] [main] [info] update#setState checking for updates
[2020-04-27 00:26:05.963] [main] [info] update#setState idle
[2020-04-27 01:26:05.806] [main] [info] update#setState checking for updates
[2020-04-27 01:26:05.977] [main] [info] update#setState idle
[2020-04-27 02:26:05.814] [main] [info] update#setState checking for updates
[2020-04-27 02:26:05.983] [main] [info] update#setState idle
[2020-04-27 03:26:05.821] [main] [info] update#setState checking for updates
[2020-04-27 03:26:05.987] [main] [info] update#setState idle
[2020-04-27 04:26:05.824] [main] [info] update#setState checking for updates
[2020-04-27 04:26:05.999] [main] [info] update#setState idle
[2020-04-27 05:26:05.882] [main] [info] update#setState checking for updates
[2020-04-27 05:26:06.053] [main] [info] update#setState idle
[2020-04-27 06:26:05.938] [main] [info] update#setState checking for updates
[2020-04-27 06:26:06.119] [main] [info] update#setState idle
[2020-04-27 07:26:05.970] [main] [info] update#setState checking for updates
[2020-04-27 07:26:06.136] [main] [info] update#setState idle
[2020-04-27 08:26:06.022] [main] [info] update#setState checking for updates
[2020-04-27 08:26:06.184] [main] [info] update#setState idle
[2020-04-27 09:26:06.054] [main] [info] update#setState checking for updates
[2020-04-27 09:26:06.232] [main] [info] update#setState idle
[2020-04-27 10:26:06.100] [main] [info] update#setState checking for updates
[2020-04-27 10:26:06.278] [main] [info] update#setState idle
[2020-04-27 11:26:06.143] [main] [info] update#setState checking for updates
[2020-04-27 11:26:06.307] [main] [info] update#setState idle
[2020-04-27 12:26:06.183] [main] [info] update#setState checking for updates
[2020-04-27 12:26:06.360] [main] [info] update#setState idle
[2020-04-27 13:26:06.208] [main] [info] update#setState checking for updates
[2020-04-27 13:26:06.401] [main] [info] update#setState idle
[2020-04-27 14:26:06.242] [main] [info] update#setState checking for updates
[2020-04-27 14:26:06.411] [main] [info] update#setState idle
[2020-04-27 15:26:06.274] [main] [info] update#setState checking for updates
[2020-04-27 15:26:06.447] [main] [info] update#setState idle
[2020-04-27 16:26:06.302] [main] [info] update#setState checking for updates
[2020-04-27 16:26:06.501] [main] [info] update#setState idle
[2020-04-27 17:26:06.320] [main] [info] update#setState checking for updates
[2020-04-27 17:26:06.504] [main] [info] update#setState idle
[2020-04-27 18:26:06.343] [main] [info] update#setState checking for updates
[2020-04-27 18:26:06.533] [main] [info] update#setState idle
[2020-04-27 19:26:06.363] [main] [info] update#setState checking for updates
[2020-04-27 19:26:06.558] [main] [info] update#setState idle
[2020-04-27 20:26:06.382] [main] [info] update#setState checking for updates
[2020-04-27 20:26:06.593] [main] [info] update#setState idle
[2020-04-27 21:26:06.398] [main] [info] update#setState checking for updates
[2020-04-27 21:26:06.576] [main] [info] update#setState idle
[2020-04-27 22:26:06.414] [main] [info] update#setState checking for updates
[2020-04-27 22:26:06.611] [main] [info] update#setState idle
[2020-04-27 23:26:06.429] [main] [info] update#setState checking for updates
[2020-04-27 23:26:06.620] [main] [info] update#setState idle
[2020-04-28 00:26:06.439] [main] [info] update#setState checking for updates
[2020-04-28 00:26:06.645] [main] [info] update#setState idle
[2020-04-28 01:26:06.449] [main] [info] update#setState checking for updates
[2020-04-28 01:26:06.505] [main] [error] Error: net::ERR_ADDRESS_UNREACHABLE
    at SimpleURLLoaderWrapper.<anonymous> (electron/js2c/browser_init.js:2623:21)
    at SimpleURLLoaderWrapper.emit (events.js:203:13)
[2020-04-28 01:26:06.506] [main] [info] update#setState idle
[2020-04-28 02:26:06.458] [main] [info] update#setState checking for updates
[2020-04-28 02:26:06.640] [main] [info] update#setState idle
[2020-04-28 03:26:06.465] [main] [info] update#setState checking for updates
[2020-04-28 03:26:07.136] [main] [error] Error: net::ERR_ADDRESS_UNREACHABLE
    at SimpleURLLoaderWrapper.<anonymous> (electron/js2c/browser_init.js:2623:21)
    at SimpleURLLoaderWrapper.emit (events.js:203:13)
[2020-04-28 03:26:07.136] [main] [info] update#setState idle
[2020-04-28 04:26:06.470] [main] [info] update#setState checking for updates
[2020-04-28 04:26:06.687] [main] [info] update#setState idle
[2020-04-28 05:26:06.472] [main] [info] update#setState checking for updates
[2020-04-28 05:26:06.671] [main] [info] update#setState idle
[2020-04-28 06:26:06.510] [main] [info] update#setState checking for updates
[2020-04-28 06:26:06.723] [main] [info] update#setState idle
[2020-04-28 07:26:06.566] [main] [info] update#setState checking for updates
[2020-04-28 07:26:06.759] [main] [info] update#setState idle
[2020-04-28 08:26:06.583] [main] [info] update#setState checking for updates
[2020-04-28 08:26:06.781] [main] [info] update#setState idle
[2020-04-28 09:26:06.628] [main] [info] update#setState checking for updates
[2020-04-28 09:26:06.796] [main] [info] update#setState idle
[2020-04-28 10:26:06.680] [main] [info] update#setState checking for updates
[2020-04-28 10:26:06.857] [main] [info] update#setState idle
[2020-04-28 11:26:06.724] [main] [info] update#setState checking for updates
[2020-04-28 11:26:06.928] [main] [info] update#setState idle
[2020-04-28 12:26:06.771] [main] [info] update#setState checking for updates
[2020-04-28 12:26:06.937] [main] [info] update#setState idle
[2020-04-28 13:26:06.815] [main] [info] update#setState checking for updates
[2020-04-28 13:26:06.997] [main] [info] update#setState idle
[2020-04-28 14:26:06.857] [main] [info] update#setState checking for updates
[2020-04-28 14:26:07.020] [main] [info] update#setState idle
[2020-04-28 15:26:06.897] [main] [info] update#setState checking for updates
[2020-04-28 15:26:07.063] [main] [info] update#setState idle
[2020-04-28 16:26:06.934] [main] [info] update#setState checking for updates
[2020-04-28 16:26:07.131] [main] [info] update#setState idle
[2020-04-28 17:26:06.950] [main] [info] update#setState checking for updates
[2020-04-28 17:26:07.162] [main] [info] update#setState idle
[2020-04-28 18:26:06.976] [main] [info] update#setState checking for updates
[2020-04-28 18:26:07.172] [main] [info] update#setState idle
[2020-04-28 19:26:07.006] [main] [info] update#setState checking for updates
[2020-04-28 19:26:07.189] [main] [info] update#setState idle
[2020-04-28 20:26:07.034] [main] [info] update#setState checking for updates
[2020-04-28 20:26:07.201] [main] [info] update#setState idle
[2020-04-28 21:26:07.054] [main] [info] update#setState checking for updates
[2020-04-28 21:26:07.245] [main] [info] update#setState idle
[2020-04-28 22:26:07.079] [main] [info] update#setState checking for updates
[2020-04-28 22:26:07.303] [main] [info] update#setState idle
[2020-04-28 23:26:07.096] [main] [info] update#setState checking for updates
[2020-04-28 23:26:07.266] [main] [info] update#setState idle
[2020-04-29 00:26:07.114] [main] [info] update#setState checking for updates
[2020-04-29 00:26:07.295] [main] [info] update#setState idle
[2020-04-29 01:26:07.124] [main] [info] update#setState checking for updates
[2020-04-29 01:26:07.317] [main] [info] update#setState idle
[2020-04-29 02:26:07.133] [main] [info] update#setState checking for updates
[2020-04-29 02:26:07.338] [main] [info] update#setState idle
[2020-04-29 03:26:07.145] [main] [info] update#setState checking for updates
[2020-04-29 03:26:07.349] [main] [info] update#setState idle
[2020-04-29 04:26:07.150] [main] [info] update#setState checking for updates
[2020-04-29 04:26:07.347] [main] [info] update#setState idle
[2020-04-29 05:26:07.157] [main] [info] update#setState checking for updates
[2020-04-29 05:26:07.361] [main] [info] update#setState idle
[2020-04-29 06:26:07.158] [main] [info] update#setState checking for updates
[2020-04-29 06:26:07.326] [main] [info] update#setState idle
[2020-04-29 07:26:07.159] [main] [info] update#setState checking for updates
[2020-04-29 07:26:07.329] [main] [info] update#setState idle
[2020-04-29 08:26:07.219] [main] [info] update#setState checking for updates
[2020-04-29 08:26:07.397] [main] [info] update#setState idle
[2020-04-29 09:26:07.271] [main] [info] update#setState checking for updates
[2020-04-29 09:26:07.450] [main] [info] update#setState idle
[2020-04-29 10:26:07.302] [main] [info] update#setState checking for updates
[2020-04-29 10:26:07.734] [main] [info] update#setState idle
[2020-04-29 11:26:07.355] [main] [info] update#setState checking for updates
[2020-04-29 11:26:07.524] [main] [info] update#setState idle
[2020-04-29 12:26:07.374] [main] [info] update#setState checking for updates
[2020-04-29 12:26:07.549] [main] [info] update#setState idle
[2020-04-29 13:26:07.408] [main] [info] update#setState checking for updates
[2020-04-29 13:26:07.582] [main] [info] update#setState idle
[2020-04-29 14:26:07.450] [main] [info] update#setState checking for updates
[2020-04-29 14:26:07.748] [main] [info] update#setState idle
[2020-04-29 15:26:07.490] [main] [info] update#setState checking for updates
[2020-04-29 15:26:07.682] [main] [info] update#setState idle
[2020-04-29 16:26:07.531] [main] [info] update#setState checking for updates
[2020-04-29 16:26:07.713] [main] [info] update#setState idle
[2020-04-29 17:26:07.559] [main] [info] update#setState checking for updates
[2020-04-29 17:26:07.744] [main] [info] update#setState idle
[2020-04-29 18:26:07.574] [main] [info] update#setState checking for updates
[2020-04-29 18:26:07.743] [main] [info] update#setState idle
[2020-04-29 19:26:07.606] [main] [info] update#setState checking for updates
[2020-04-29 19:26:07.776] [main] [info] update#setState idle
[2020-04-29 20:26:07.623] [main] [info] update#setState checking for updates
[2020-04-29 20:26:07.790] [main] [info] update#setState idle
[2020-04-29 21:26:07.625] [main] [info] update#setState checking for updates
[2020-04-29 21:26:07.795] [main] [info] update#setState idle
[2020-04-29 22:26:07.651] [main] [info] update#setState checking for updates
[2020-04-29 22:26:07.841] [main] [info] update#setState idle
[2020-04-29 23:26:07.674] [main] [info] update#setState checking for updates
[2020-04-29 23:26:07.859] [main] [info] update#setState idle
[2020-04-30 00:26:07.695] [main] [info] update#setState checking for updates
[2020-04-30 00:26:07.891] [main] [info] update#setState idle
[2020-04-30 01:26:07.714] [main] [info] update#setState checking for updates
[2020-04-30 01:26:07.910] [main] [info] update#setState idle
[2020-04-30 02:26:07.729] [main] [info] update#setState checking for updates
[2020-04-30 02:26:07.916] [main] [info] update#setState idle
[2020-04-30 03:26:07.741] [main] [info] update#setState checking for updates
[2020-04-30 03:26:07.913] [main] [info] update#setState idle
[2020-04-30 04:26:07.750] [main] [info] update#setState checking for updates
[2020-04-30 04:26:07.920] [main] [info] update#setState idle
[2020-04-30 05:26:07.756] [main] [info] update#setState checking for updates
[2020-04-30 05:26:07.940] [main] [info] update#setState idle
[2020-04-30 06:26:07.759] [main] [info] update#setState checking for updates
[2020-04-30 06:26:07.947] [main] [info] update#setState idle
[2020-04-30 07:26:07.818] [main] [info] update#setState checking for updates
[2020-04-30 07:26:08.002] [main] [info] update#setState idle
[2020-04-30 08:26:07.874] [main] [info] update#setState checking for updates
[2020-04-30 08:26:08.041] [main] [info] update#setState idle
[2020-04-30 09:26:07.930] [main] [info] update#setState checking for updates
[2020-04-30 09:26:08.116] [main] [info] update#setState idle
[2020-04-30 10:26:07.979] [main] [info] update#setState checking for updates
[2020-04-30 10:26:08.165] [main] [info] update#setState idle
[2020-04-30 11:26:08.031] [main] [info] update#setState checking for updates
[2020-04-30 11:26:08.226] [main] [info] update#setState idle
[2020-04-30 12:26:08.078] [main] [info] update#setState checking for updates
[2020-04-30 12:26:08.285] [main] [info] update#setState idle
[2020-04-30 13:26:08.122] [main] [info] update#setState checking for updates
[2020-04-30 13:26:08.448] [main] [info] update#setState idle
[2020-04-30 14:26:08.162] [main] [info] update#setState checking for updates
[2020-04-30 14:26:08.393] [main] [info] update#setState idle
[2020-04-30 15:26:08.201] [main] [info] update#setState checking for updates
[2020-04-30 15:26:08.416] [main] [info] update#setState idle
[2020-04-30 16:26:08.230] [main] [info] update#setState checking for updates
[2020-04-30 16:26:08.428] [main] [info] update#setState idle
[2020-04-30 17:26:08.262] [main] [info] update#setState checking for updates
[2020-04-30 17:26:08.459] [main] [info] update#setState idle
[2020-04-30 18:26:08.290] [main] [info] update#setState checking for updates
[2020-04-30 18:26:08.476] [main] [info] update#setState idle
[2020-04-30 19:26:08.314] [main] [info] update#setState checking for updates
[2020-04-30 19:26:08.503] [main] [info] update#setState idle
[2020-04-30 20:26:08.337] [main] [info] update#setState checking for updates
[2020-04-30 20:26:08.532] [main] [info] update#setState idle
[2020-04-30 21:26:08.354] [main] [info] update#setState checking for updates
[2020-04-30 21:26:08.539] [main] [info] update#setState idle
